INFO [05-20|15:10:52] Maximum peer count                       ETH=25 LES=0 total=25
INFO [05-20|15:10:52] Starting peer-to-peer node               instance=Geth/v1.8.8-stable/darwin-amd64/go1.10.2
INFO [05-20|15:10:52] Allocated cache and file handles         database=/Users/ryoyasekino/src/github.com/sryoya/geth_test/private_net/geth/chaindata cache=768 handles=1024
INFO [05-20|15:10:52] Initialised chain configuration          config="{ChainID: 33 Homestead: 0 DAO: <nil> DAOSupport: false EIP150: <nil> EIP155: 0 EIP158: 0 Byzantium: <nil> Constantinople: <nil> Engine: unknown}"
INFO [05-20|15:10:52] Disk storage enabled for ethash caches   dir=/Users/ryoyasekino/src/github.com/sryoya/geth_test/private_net/geth/ethash count=3
INFO [05-20|15:10:52] Disk storage enabled for ethash DAGs     dir=/Users/ryoyasekino/.ethash                                                 count=2
INFO [05-20|15:10:52] Initialising Ethereum protocol           versions="[63 62]" network=10
INFO [05-20|15:10:52] Loaded most recent local header          number=0 hash=5704d0…9bc5b0 td=256
INFO [05-20|15:10:52] Loaded most recent local full block      number=0 hash=5704d0…9bc5b0 td=256
INFO [05-20|15:10:52] Loaded most recent local fast block      number=0 hash=5704d0…9bc5b0 td=256
INFO [05-20|15:10:52] Loaded local transaction journal         transactions=0 dropped=0
INFO [05-20|15:10:52] Regenerated local transaction journal    transactions=0 accounts=0
INFO [05-20|15:10:52] Starting P2P networking 
INFO [05-20|15:10:52] RLPx listener up                         self="enode://f0447999d2c009bb92a7021f12d3801157c8d89b8801c88bce4de348deda27c042844f9de8f4d0d1959d5fe17dd073c485233573fe8240095418812a34cae811@[::]:30303?discport=0"
INFO [05-20|15:10:52] IPC endpoint opened                      url=/Users/ryoyasekino/src/github.com/sryoya/geth_test/private_net/geth.ipc
INFO [05-20|15:10:52] HTTP endpoint opened                     url=http://localhost:8545                                                   cors=* vhosts=localhost
INFO [05-20|15:11:06] HTTP endpoint closed                     url=http://localhost:8545
INFO [05-20|15:11:06] IPC endpoint closed                      endpoint=/Users/ryoyasekino/src/github.com/sryoya/geth_test/private_net/geth.ipc
INFO [05-20|15:11:06] Blockchain manager stopped 
INFO [05-20|15:11:06] Stopping Ethereum protocol 
INFO [05-20|15:11:06] Ethereum protocol stopped 
INFO [05-20|15:11:06] Transaction pool stopped 
INFO [05-20|15:11:06] Database closed                          database=/Users/ryoyasekino/src/github.com/sryoya/geth_test/private_net/geth/chaindata
